Performing C++ SOURCE FILE Test CMAKE_HAVE_LIBC_PTHREAD failed with the following output:
Change Dir: /home/alex/git/raspberry_car_controller/CMakeFiles/CMakeTmp

Run Build Command(s):/usr/bin/gmake cmTC_88a19/fast && /usr/bin/gmake  -f CMakeFiles/cmTC_88a19.dir/build.make CMakeFiles/cmTC_88a19.dir/build
gmake[1]: Entering directory '/home/alex/git/raspberry_car_controller/CMakeFiles/CMakeTmp'
Building CXX object CMakeFiles/cmTC_88a19.dir/src.cxx.o
/usr/bin/c++   -DCMAKE_HAVE_LIBC_PTHREAD -std=gnu++11 -o CMakeFiles/cmTC_88a19.dir/src.cxx.o -c /home/alex/git/raspberry_car_controller/CMakeFiles/CMakeTmp/src.cxx
Linking CXX executable cmTC_88a19
/usr/bin/cmake -E cmake_link_script CMakeFiles/cmTC_88a19.dir/link.txt --verbose=1
/usr/bin/c++  -DCMAKE_HAVE_LIBC_PTHREAD CMakeFiles/cmTC_88a19.dir/src.cxx.o -o cmTC_88a19 
/usr/bin/ld: CMakeFiles/cmTC_88a19.dir/src.cxx.o: in function `main':
src.cxx:(.text+0x2f): undefined reference to `pthread_create'
/usr/bin/ld: src.cxx:(.text+0x3b): undefined reference to `pthread_detach'
/usr/bin/ld: src.cxx:(.text+0x47): undefined reference to `pthread_cancel'
/usr/bin/ld: src.cxx:(.text+0x58): undefined reference to `pthread_join'
collect2: error: ld returned 1 exit status
gmake[1]: *** [CMakeFiles/cmTC_88a19.dir/build.make:106: cmTC_88a19] Error 1
gmake[1]: Leaving directory '/home/alex/git/raspberry_car_controller/CMakeFiles/CMakeTmp'
gmake: *** [Makefile:140: cmTC_88a19/fast] Error 2


Source file was:
#include <pthread.h>

void* test_func(void* data)
{
  return data;
}

int main(void)
{
  pthread_t thread;
  pthread_create(&thread, NULL, test_func, NULL);
  pthread_detach(thread);
  pthread_cancel(thread);
  pthread_join(thread, NULL);
  pthread_atfork(NULL, NULL, NULL);
  pthread_exit(NULL);

  return 0;
}

Determining if the function pthread_create exists in the pthreads failed with the following output:
Change Dir: /home/alex/git/raspberry_car_controller/CMakeFiles/CMakeTmp

Run Build Command(s):/usr/bin/gmake cmTC_6f40b/fast && /usr/bin/gmake  -f CMakeFiles/cmTC_6f40b.dir/build.make CMakeFiles/cmTC_6f40b.dir/build
gmake[1]: Entering directory '/home/alex/git/raspberry_car_controller/CMakeFiles/CMakeTmp'
Building CXX object CMakeFiles/cmTC_6f40b.dir/CheckFunctionExists.cxx.o
/usr/bin/c++   -DCHECK_FUNCTION_EXISTS=pthread_create -std=gnu++11 -o CMakeFiles/cmTC_6f40b.dir/CheckFunctionExists.cxx.o -c /home/alex/git/raspberry_car_controller/CMakeFiles/CheckLibraryExists/CheckFunctionExists.cxx
Linking CXX executable cmTC_6f40b
/usr/bin/cmake -E cmake_link_script CMakeFiles/cmTC_6f40b.dir/link.txt --verbose=1
/usr/bin/c++  -DCHECK_FUNCTION_EXISTS=pthread_create CMakeFiles/cmTC_6f40b.dir/CheckFunctionExists.cxx.o -o cmTC_6f40b  -lpthreads 
/usr/bin/ld: cannot find -lpthreads
collect2: error: ld returned 1 exit status
gmake[1]: *** [CMakeFiles/cmTC_6f40b.dir/build.make:106: cmTC_6f40b] Error 1
gmake[1]: Leaving directory '/home/alex/git/raspberry_car_controller/CMakeFiles/CMakeTmp'
gmake: *** [Makefile:140: cmTC_6f40b/fast] Error 2



